0 info it worked if it ends with ok
1 verbose cli [ 'D:\\Programas\\NodeJs\\nodejs\\\\node.exe',
1 verbose cli   'D:\\Programas\\NodeJs\\nodejs\\node_modules\\npm\\bin\\npm-cli.js',
1 verbose cli   'start' ]
2 info using npm@1.2.14
3 info using node@v0.10.0
4 verbose node symlink D:\Programas\NodeJs\nodejs\\node.exe
5 verbose read json D:\Codigos\NodeJs\animacao-iluminacao\package.json
6 verbose run-script [ 'prestart', 'start', 'poststart' ]
7 info prestart chat-example@0.0.0
8 info start chat-example@0.0.0
9 verbose unsafe-perm in lifecycle true
10 silly exec cmd "/c" "node server.js"
11 silly cmd,/c,node server.js,D:\Codigos\NodeJs\animacao-iluminacao spawning
12 info chat-example@0.0.0 Failed to exec start script
13 error chat-example@0.0.0 start: `node server.js`
13 error `cmd "/c" "node server.js"` failed with 8
14 error Failed at the chat-example@0.0.0 start script.
14 error This is most likely a problem with the chat-example package,
14 error not with npm itself.
14 error Tell the author that this fails on your system:
14 error     node server.js
14 error You can get their info via:
14 error     npm owner ls chat-example
14 error There is likely additional logging output above.
15 error System Windows_NT 6.1.7601
16 error command "D:\\Programas\\NodeJs\\nodejs\\\\node.exe" "D:\\Programas\\NodeJs\\nodejs\\node_modules\\npm\\bin\\npm-cli.js" "start"
17 error cwd D:\Codigos\NodeJs\animacao-iluminacao
18 error node -v v0.10.0
19 error npm -v 1.2.14
20 error code ELIFECYCLE
21 verbose exit [ 1, true ]
